#
# There is insufficient memory for the Java Runtime Environment to continue.
# Native memory allocation (mmap) failed to map 132120576 bytes for Failed to commit area from 0x0000000083600000 to 0x000000008b400000 of length 132120576.
# Possible reasons:
#   The system is out of physical RAM or swap space
#   The process is running with CompressedOops enabled, and the Java Heap may be blocking the growth of the native heap
# Possible solutions:
#   Reduce memory load on the system
#   Increase physical memory or swap space
#   Check if swap backing store is full
#   Decrease Java heap size (-Xmx/-Xms)
#   Decrease number of Java threads
#   Decrease Java thread stack sizes (-Xss)
#   Set larger code cache with -XX:ReservedCodeCacheSize=
# This output file may be truncated or incomplete.
#
#  Out of Memory Error (./src/hotspot/os/windows/os_windows.cpp:3619), pid=24096, tid=16152
#
# JRE version:  (11.0.13) (build )
# Java VM: OpenJDK 64-Bit Server VM (11.0.13+0-b1751.21-8125866, mixed mode, sharing, tiered, compressed oops, g1 gc, windows-amd64)
# No core dump will be written. Minidumps are not enabled by default on client versions of Windows
#

---------------  S U M M A R Y ------------

Command Line: git4idea.http.GitAskPassApp Username for 'https://github.com': 

Host: 11th Gen Intel(R) Core(TM) i5-1135G7 @ 2.40GHz, 8 cores, 7G,  Windows 11 , 64 bit Build 25217 (10.0.25217.1000)
Time: Sat Oct 15 20:42:29 2022 India Standard Time elapsed time: 2.278519 seconds (0d 0h 0m 2s)

---------------  T H R E A D  ---------------

Current thread (0x00000231144a5800):  JavaThread "Unknown thread" [_thread_in_vm, id=16152, stack(0x000000b956500000,0x000000b956600000)]

Stack: [0x000000b956500000,0x000000b956600000]
Native frames: (J=compiled Java code, j=interpreted, Vv=VM code, C=native code)
V  [jvm.dll+0x6100fa]
V  [jvm.dll+0x747090]
V  [jvm.dll+0x7486ad]
V  [jvm.dll+0x748d83]
V  [jvm.dll+0x24ab48]
V  [jvm.dll+0x60d164]
V  [jvm.dll+0x601e75]
V  [jvm.dll+0x308bdb]
V  [jvm.dll+0x308b4a]
V  [jvm.dll+0x308a22]
V  [jvm.dll+0x30d986]
V  [jvm.dll+0x357093]
V  [jvm.dll+0x357796]
V  [jvm.dll+0x357193]
V  [jvm.dll+0x2e3448]
V  [jvm.dll+0x2e45f7]
V  [jvm.dll+0x7242e7]
V  [jvm.dll+0x725adc]
V  [jvm.dll+0x364629]
V  [jvm.dll+0x707cee]
V  [jvm.dll+0x3d2633]
V  [jvm.dll+0x3d4a21]
C  [jli.dll+0x536b]
C  [ucrtbase.dll+0x4b7eb]
C  [KERNEL32.DLL+0x1484d]
C  [ntdll.dll+0x67558]


---------------  P R O C E S S  ---------------

Threads class SMR info:
_java_thread_list=0x000002311221bfd0, length=0, elements={
}

Java Threads: ( => current thread )

Other Threads:
  0x00000231144bc000 GCTaskThread "GC Thread#0" [stack: 0x000000b956600000,0x000000b956700000] [id=28040]
  0x00000231144ef000 ConcurrentGCThread "G1 Main Marker" [stack: 0x000000b956700000,0x000000b956800000] [id=8616]
  0x00000231144f0800 ConcurrentGCThread "G1 Conc#0" [stack: 0x000000b956800000,0x000000b956900000] [id=372]

[error occurred during error reporting (printing all threads), id 0xc0000005, EXCEPTION_ACCESS_VIOLATION (0xc0000005) at pc=0x00007ffb4f763dd7]

VM state:not at safepoint (not fully initialized)

VM Mutex/Monitor currently owned by a thread:  ([mutex/lock_event])
[0x00000231144a0490] Heap_lock - owner thread: 0x00000231144a5800

Heap address: 0x0000000083600000, size: 1994 MB, Compressed Oops mode: Non-zero based: 0x0000000083600000
Narrow klass base: 0x0000000000000000, Narrow klass shift: 0

GC Heap History (0 events):
No events

Deoptimization events (0 events):
No events

Classes redefined (0 events):
No events

Internal exceptions (0 events):
No events

Events (1 events):
Event: 0.018 Loaded shared library D:\JetBrains\ToolBox\apps\AndroidStudio\ch-0\213.7172.25.2113.9014738\jre\bin\zip.dll


Dynamic libraries:
0x00007ff771bb0000 - 0x00007ff771bba000 	D:\JetBrains\ToolBox\apps\AndroidStudio\ch-0\213.7172.25.2113.9014738\jre\bin\java.exe
0x00007ffbd5290000 - 0x00007ffbd54a9000 	C:\WINDOWS\SYSTEM32\ntdll.dll
0x00007ffbd4510000 - 0x00007ffbd45d2000 	C:\WINDOWS\System32\KERNEL32.DLL
0x00007ffbd2850000 - 0x00007ffbd2bef000 	C:\WINDOWS\System32\KERNELBASE.dll
0x00007ffbd2670000 - 0x00007ffbd278b000 	C:\WINDOWS\System32\ucrtbase.dll
0x00007ffba9990000 - 0x00007ffba99a9000 	D:\JetBrains\ToolBox\apps\AndroidStudio\ch-0\213.7172.25.2113.9014738\jre\bin\jli.dll
0x00007ffba8710000 - 0x00007ffba8727000 	D:\JetBrains\ToolBox\apps\AndroidStudio\ch-0\213.7172.25.2113.9014738\jre\bin\VCRUNTIME140.dll
0x00007ffbd40a0000 - 0x00007ffbd424c000 	C:\WINDOWS\System32\USER32.dll
0x00007ffbd3030000 - 0x00007ffbd3056000 	C:\WINDOWS\System32\win32u.dll
0x00007ffbb3c30000 - 0x00007ffbb3ec1000 	C:\WINDOWS\WinSxS\amd64_microsoft.windows.common-controls_6595b64144ccf1df_6.0.25217.1010_none_7b5ae231f1b4915b\COMCTL32.dll
0x00007ffbd3240000 - 0x00007ffbd3269000 	C:\WINDOWS\System32\GDI32.dll
0x00007ffbd5080000 - 0x00007ffbd5127000 	C:\WINDOWS\System32\msvcrt.dll
0x00007ffbd2e00000 - 0x00007ffbd2f16000 	C:\WINDOWS\System32\gdi32full.dll
0x00007ffbd2f90000 - 0x00007ffbd302a000 	C:\WINDOWS\System32\msvcp_win.dll
0x00007ffbd31a0000 - 0x00007ffbd31d1000 	C:\WINDOWS\System32\IMM32.DLL
0x00007ffb7ea00000 - 0x00007ffb7ea9d000 	D:\JetBrains\ToolBox\apps\AndroidStudio\ch-0\213.7172.25.2113.9014738\jre\bin\msvcp140.dll
0x00007ffb4f470000 - 0x00007ffb4ff72000 	D:\JetBrains\ToolBox\apps\AndroidStudio\ch-0\213.7172.25.2113.9014738\jre\bin\server\jvm.dll
0x00007ffbd4e20000 - 0x00007ffbd4ece000 	C:\WINDOWS\System32\ADVAPI32.dll
0x00007ffbd4fd0000 - 0x00007ffbd5076000 	C:\WINDOWS\System32\sechost.dll
0x00007ffbd4c50000 - 0x00007ffbd4d77000 	C:\WINDOWS\System32\RPCRT4.dll
0x00007ffbd47c0000 - 0x00007ffbd47c8000 	C:\WINDOWS\System32\PSAPI.DLL
0x00007ffbb5240000 - 0x00007ffbb5249000 	C:\WINDOWS\SYSTEM32\WSOCK32.dll
0x00007ffbd43f0000 - 0x00007ffbd445f000 	C:\WINDOWS\System32\WS2_32.dll
0x00007ffbc06c0000 - 0x00007ffbc06ca000 	C:\WINDOWS\SYSTEM32\VERSION.dll
0x00007ffbc1610000 - 0x00007ffbc1645000 	C:\WINDOWS\SYSTEM32\WINMM.dll
0x00007ffbd16f0000 - 0x00007ffbd1708000 	C:\WINDOWS\SYSTEM32\kernel.appcore.dll
0x00007ffbbf640000 - 0x00007ffbbf651000 	D:\JetBrains\ToolBox\apps\AndroidStudio\ch-0\213.7172.25.2113.9014738\jre\bin\verify.dll
0x00007ffbcc650000 - 0x00007ffbcc883000 	C:\WINDOWS\SYSTEM32\DBGHELP.DLL
0x00007ffbd3c10000 - 0x00007ffbd3f93000 	C:\WINDOWS\System32\combase.dll
0x00007ffbd4ef0000 - 0x00007ffbd4fc8000 	C:\WINDOWS\System32\OLEAUT32.dll
0x00007ffbc15d0000 - 0x00007ffbc1602000 	C:\WINDOWS\SYSTEM32\dbgcore.DLL
0x00007ffbd2d80000 - 0x00007ffbd2df9000 	C:\WINDOWS\System32\bcryptPrimitives.dll
0x00007ffbbd810000 - 0x00007ffbbd839000 	D:\JetBrains\ToolBox\apps\AndroidStudio\ch-0\213.7172.25.2113.9014738\jre\bin\java.dll
0x00007ffbcfcd0000 - 0x00007ffbcfcdb000 	D:\JetBrains\ToolBox\apps\AndroidStudio\ch-0\213.7172.25.2113.9014738\jre\bin\jimage.dll
0x00007ffbb42a0000 - 0x00007ffbb42b8000 	D:\JetBrains\ToolBox\apps\AndroidStudio\ch-0\213.7172.25.2113.9014738\jre\bin\zip.dll

dbghelp: loaded successfully - version: 4.0.5 - missing functions: none
symbol engine: initialized successfully - sym options: 0x614 - pdb path: .;D:\JetBrains\ToolBox\apps\AndroidStudio\ch-0\213.7172.25.2113.9014738\jre\bin;C:\WINDOWS\SYSTEM32;C:\WINDOWS\WinSxS\amd64_microsoft.windows.common-controls_6595b64144ccf1df_6.0.25217.1010_none_7b5ae231f1b4915b;D:\JetBrains\ToolBox\apps\AndroidStudio\ch-0\213.7172.25.2113.9014738\jre\bin\server

VM Arguments:
java_command: git4idea.http.GitAskPassApp Username for 'https://github.com': 
java_class_path (initial): D:/JetBrains/ToolBox/apps/AndroidStudio/ch-0/213.7172.25.2113.9014738/plugins/git4idea/lib/git4idea-rt.jar;D:/JetBrains/ToolBox/apps/AndroidStudio/ch-0/213.7172.25.2113.9014738/lib/3rd-party.jar;D:/JetBrains/ToolBox/apps/AndroidStudio/ch-0/213.7172.25.2113.9014738/lib/3rd-party-rt.jar
Launcher Type: SUN_STANDARD

[Global flags]
     intx CICompilerCount                          = 4                                         {product} {ergonomic}
     uint ConcGCThreads                            = 2                                         {product} {ergonomic}
     uint G1ConcRefinementThreads                  = 8                                         {product} {ergonomic}
   size_t G1HeapRegionSize                         = 1048576                                   {product} {ergonomic}
    uintx GCDrainStackTargetSize                   = 64                                        {product} {ergonomic}
   size_t InitialHeapSize                          = 132120576                                 {product} {ergonomic}
   size_t MarkStackSize                            = 4194304                                   {product} {ergonomic}
   size_t MaxHeapSize                              = 2090860544                                {product} {ergonomic}
   size_t MinHeapDeltaBytes                        = 1048576                                   {product} {ergonomic}
    uintx NonNMethodCodeHeapSize                   = 5836300                                {pd product} {ergonomic}
    uintx NonProfiledCodeHeapSize                  = 122910970                              {pd product} {ergonomic}
    uintx ProfiledCodeHeapSize                     = 122910970                              {pd product} {ergonomic}
    uintx ReservedCodeCacheSize                    = 251658240                              {pd product} {ergonomic}
     bool SegmentedCodeCache                       = true                                      {product} {ergonomic}
     bool UseCompressedClassPointers               = true                                 {lp64_product} {ergonomic}
     bool UseCompressedOops                        = true                                 {lp64_product} {ergonomic}
     bool UseG1GC                                  = true                                      {product} {ergonomic}
     bool UseLargePagesIndividualAllocation        = false                                  {pd product} {ergonomic}

Logging:
Log output configuration:
 #0: stdout all=warning uptime,level,tags
 #1: stderr all=off uptime,level,tags

Environment Variables:
JAVA_HOME=C:\Program Files\Java\jdk-16.0.1
PATH=C:\Program Files\Git\mingw64\libexec\git-core;C:\Program Files\Git\mingw64\libexec\git-core;C:\Program Files\Git\mingw64\bin;C:\Program Files\Git\usr\bin;C:\Users\SHANTANU\bin;C:\oraclexe\app\oracle\product\11.2.0\server\bin;C:\Program Files (x86)\Common Files\Intel\Shared Libraries\redist\intel64\compiler;C:\Program Files\Common Files\Oracle\Java\javapath;C:\Python39\Scripts;C:\Python39;C:\Windows\system32;C:\Windows;C:\Windows\System32\Wbem;C:\Windows\System32\WindowsPowerShell\v1.0;C:\Windows\System32\OpenSSH;C:\Program Files (x86)\NVIDIA Corporation\PhysX\Common;C:\Program Files\NVIDIA Corporation\NVIDIA NvDLISR;C:\WINDOWS\system32;C:\WINDOWS;C:\WINDOWS\System32\Wbem;C:\WINDOWS\System32\WindowsPowerShell\v1.0;C:\WINDOWS\System32\OpenSSH;C:\Python39\Scripts;C:\ProgramData\chocolatey\bin;C:\Program Files (x86)\Wolfram Research\WolframScript;C:\Program Files\nodejs;C:\Program Files (x86)\mingw-w64\i686-8.1.0-posix-dwarf-rt_v6-rev0\mingw32\bin;C:\flutter\bin;C:\tools\dart-sdk;C:\Program Files\Microsoft SQL Server\130\Tools\Binn;C:\Program Files\Go\bin;C:\Program Files\dotnet;C:\WINDOWS\system32;C:\WINDOWS;C:\WINDOWS\System32\Wbem;C:\WINDOWS\System32\WindowsPowerShell\v1.0;C:\WINDOWS\System32\OpenSSH;C:\Program Files\CMake\bin;C:\Program Files\Git\cmd;C:\Users\SHANTANU\AppData\Roaming\npm;C:\Users\SHANTANU\AppData\Local\Programs\Microsoft VS Code\bin;C:\Users\SHANTANU\AppData\Local\Programs\oh-my-posh\bin;C:\Users\SHANTANU\AppData\Local\Programs\Microsoft VS Code Insiders\bin;C:\Program Files\MongoDB\Server\5.0\bin;C:\Program Files\apache-maven-3.8.5\bin;C:\Program Files\heroku\bin;C:\Program Files\PuTTY;D:\code_profiles\bin;C:\Program Files\Neovim\bin;C:\Program Files\swipl\bin;C:\Program Files\GitHub CLI;C:\Program Files\Java\jdk-16.0.1\bin;F:\Downloads Chrome\mongosh-1.5.4-win32-x64\mongosh-1.5.4-win32-x64\bin;D:\Custom Object Detection\Data\protoc-3.13.0-win64\bin;C:\Program Files\PowerShell\7;C:\GnuWin32\bin;C:\Dev-Cpp\MinGW64\bin;C:\Dev-Cpp\MinGW64\libexec\gc
USERNAME=SHANTANU
DISPLAY=:0.0
LC_ALL=en_US.UTF-8
OS=Windows_NT
PROCESSOR_IDENTIFIER=Intel64 Family 6 Model 140 Stepping 1, GenuineIntel



---------------  S Y S T E M  ---------------

OS: Windows 11 , 64 bit Build 25217 (10.0.25217.1000)
OS uptime: 0 days 9:19 hours
Hyper-V role detected

CPU:total 8 (initial active 8) (4 cores per cpu, 2 threads per core) family 6 model 140 stepping 1 microcode 0x9a, cmov, cx8, fxsr, mmx, sse, sse2, sse3, ssse3, sse4.1, sse4.2, popcnt, avx, avx2, aes, clmul, erms, 3dnowpref, lzcnt, ht, tsc, tscinvbit, bmi1, bmi2, adx, evex, sha, fma

Memory: 4k page, system-wide physical 7975M (462M free)
TotalPageFile size 20263M (AvailPageFile size 114M)
current process WorkingSet (physical memory assigned to process): 11M, peak: 11M
current process commit charge ("private bytes"): 60M, peak: 186M

vm_info: OpenJDK 64-Bit Server VM (11.0.13+0-b1751.21-8125866) for windows-amd64 JRE (11.0.13+0-b1751.21-8125866), built on Feb  2 2022 03:00:22 by "builder" with MS VC++ 14.0 (VS2015)

END.
